TN:
SF:src\modules\Errors\AppError.ts
FN:7,AppError
FNF:1
FNH:0
FNDA:0,AppError
DA:1,1
DA:2,1
DA:3,1
DA:4,1
DA:5,1
DA:6,1
DA:7,1
DA:8,0
DA:9,0
DA:10,0
DA:11,0
DA:12,1
LF:12
LH:8
BRF:0
BRH:0
end_of_record
TN:
SF:src\modules\Repository\in-memory\ChallengeRepositoryInMemory\ChallengeRepositoryInMemory.ts
FN:9,ChallengeRepositoryInMemory
FN:16,getInstance
FN:28,create
FN:44,findOne
FN:69,findAll
FN:97,findById
FNF:6
FNH:5
FNDA:4,ChallengeRepositoryInMemory
FNDA:0,getInstance
FNDA:5,create
FNDA:6,findOne
FNDA:1,findAll
FNDA:1,findById
DA:1,1
DA:2,1
DA:3,1
DA:4,1
DA:5,1
DA:6,1
DA:7,1
DA:8,1
DA:9,1
DA:10,4
DA:11,4
DA:12,4
DA:13,1
DA:14,1
DA:15,1
DA:16,1
DA:17,0
DA:18,0
DA:19,0
DA:20,0
DA:21,0
DA:22,0
DA:23,0
DA:24,0
DA:25,0
DA:26,0
DA:27,1
DA:28,1
DA:29,5
DA:30,5
DA:31,5
DA:32,5
DA:33,5
DA:34,5
DA:35,5
DA:36,5
DA:37,5
DA:38,5
DA:39,5
DA:40,5
DA:41,5
DA:42,5
DA:43,1
DA:44,1
DA:45,6
DA:46,6
DA:47,6
DA:48,6
DA:49,6
DA:50,6
DA:51,1
DA:52,1
DA:53,1
DA:54,1
DA:55,5
DA:56,5
DA:57,5
DA:58,5
DA:59,5
DA:60,5
DA:61,5
DA:62,5
DA:63,5
DA:64,5
DA:65,5
DA:66,5
DA:67,5
DA:68,1
DA:69,1
DA:70,1
DA:71,1
DA:72,1
DA:73,1
DA:74,1
DA:75,1
DA:76,1
DA:77,2
DA:78,2
DA:79,2
DA:80,2
DA:81,2
DA:82,2
DA:83,2
DA:84,2
DA:85,2
DA:86,2
DA:87,2
DA:88,2
DA:89,2
DA:90,2
DA:91,1
DA:92,1
DA:93,1
DA:94,1
DA:95,1
DA:96,1
DA:97,1
DA:98,1
DA:99,1
DA:100,1
DA:101,1
DA:102,1
DA:103,1
DA:104,0
DA:105,0
DA:106,0
DA:107,0
DA:108,1
DA:109,1
DA:110,1
DA:111,1
DA:112,1
DA:113,1
DA:114,1
DA:115,1
DA:116,1
DA:117,1
DA:118,1
DA:119,1
DA:120,1
DA:121,1
LF:121
LH:107
BRDA:9,0,0,4
BRDA:28,1,0,5
BRDA:44,2,0,6
BRDA:50,3,0,5
BRDA:50,4,0,1
BRDA:48,5,0,6
BRDA:69,6,0,1
BRDA:76,7,0,2
BRDA:76,8,0,2
BRDA:97,9,0,1
BRDA:103,10,0,0
BRDA:101,11,0,1
BRF:12
BRH:11
end_of_record
TN:
SF:src\modules\Repository\in-memory\StudentRepositoryInMemory\StudentRepositoryInMemory.ts
FN:9,StudentRepositoryInMemory
FN:14,create
FN:32,findOne
FN:54,findAll
FN:83,removeStudent
FN:94,findById
FNF:6
FNH:6
FNDA:6,StudentRepositoryInMemory
FNDA:7,create
FNDA:7,findOne
FNDA:1,findAll
FNDA:1,removeStudent
FNDA:2,findById
DA:1,1
DA:2,1
DA:3,1
DA:4,1
DA:5,1
DA:6,1
DA:7,1
DA:8,1
DA:9,1
DA:10,6
DA:11,6
DA:12,6
DA:13,1
DA:14,1
DA:15,7
DA:16,7
DA:17,7
DA:18,7
DA:19,7
DA:20,7
DA:21,7
DA:22,7
DA:23,7
DA:24,7
DA:25,7
DA:26,7
DA:27,7
DA:28,7
DA:29,7
DA:30,7
DA:31,1
DA:32,1
DA:33,7
DA:34,7
DA:35,7
DA:36,7
DA:37,7
DA:38,7
DA:39,1
DA:40,1
DA:41,1
DA:42,1
DA:43,6
DA:44,6
DA:45,6
DA:46,6
DA:47,6
DA:48,6
DA:49,6
DA:50,6
DA:51,6
DA:52,6
DA:53,1
DA:54,1
DA:55,1
DA:56,1
DA:57,1
DA:58,1
DA:59,1
DA:60,1
DA:61,2
DA:62,2
DA:63,2
DA:64,2
DA:65,2
DA:66,2
DA:67,2
DA:68,2
DA:69,2
DA:70,2
DA:71,2
DA:72,2
DA:73,2
DA:74,2
DA:75,2
DA:76,2
DA:77,1
DA:78,1
DA:79,1
DA:80,1
DA:81,1
DA:82,1
DA:83,1
DA:84,1
DA:85,1
DA:86,1
DA:87,1
DA:88,1
DA:89,1
DA:90,1
DA:91,1
DA:92,1
DA:93,1
DA:94,1
DA:95,2
DA:96,2
DA:97,2
DA:98,2
DA:99,2
DA:100,2
DA:101,2
DA:102,2
DA:103,2
DA:104,2
DA:105,2
DA:106,2
DA:107,2
DA:108,2
DA:109,2
DA:110,2
DA:111,2
DA:112,2
DA:113,1
LF:113
LH:113
BRDA:9,0,0,6
BRDA:14,1,0,7
BRDA:32,2,0,7
BRDA:38,3,0,1
BRDA:43,4,0,6
BRDA:36,5,0,7
BRDA:54,6,0,1
BRDA:60,7,0,2
BRDA:60,8,0,2
BRDA:83,9,0,1
BRDA:87,10,0,1
BRDA:94,11,0,2
BRDA:98,12,0,2
BRF:13
BRH:13
end_of_record
TN:
SF:src\modules\Repository\in-memory\SubmissionRepository\SubmissionRepositoryInMemory.ts
FN:8,SubmissionRepositoryInMemory
FN:13,create
FN:30,findById
FN:55,findAll
FNF:4
FNH:3
FNDA:1,SubmissionRepositoryInMemory
FNDA:1,create
FNDA:0,findById
FNDA:1,findAll
DA:1,1
DA:2,1
DA:3,1
DA:4,1
DA:5,1
DA:6,1
DA:7,1
DA:8,1
DA:9,1
DA:10,1
DA:11,1
DA:12,1
DA:13,1
DA:14,1
DA:15,1
DA:16,1
DA:17,1
DA:18,1
DA:19,1
DA:20,1
DA:21,1
DA:22,1
DA:23,1
DA:24,1
DA:25,1
DA:26,1
DA:27,1
DA:28,1
DA:29,1
DA:30,1
DA:31,0
DA:32,0
DA:33,0
DA:34,0
DA:35,0
DA:36,0
DA:37,0
DA:38,0
DA:39,0
DA:40,0
DA:41,0
DA:42,0
DA:43,0
DA:44,0
DA:45,0
DA:46,0
DA:47,0
DA:48,0
DA:49,0
DA:50,0
DA:51,0
DA:52,0
DA:53,0
DA:54,1
DA:55,1
DA:56,1
DA:57,1
DA:58,1
DA:59,1
DA:60,1
DA:61,1
DA:62,1
DA:63,1
DA:64,1
DA:65,1
DA:66,1
DA:67,1
DA:68,1
DA:69,1
DA:70,1
DA:71,1
DA:72,1
DA:73,1
DA:74,1
DA:75,1
DA:76,1
DA:77,1
DA:78,1
DA:79,1
DA:80,1
DA:81,1
DA:82,1
DA:83,1
LF:83
LH:60
BRDA:8,0,0,1
BRDA:13,1,0,1
BRDA:55,2,0,1
BRDA:63,3,0,1
BRDA:63,4,0,1
BRF:5
BRH:5
end_of_record
TN:
SF:src\modules\Services\useCases\Challenge\CreateChallenge\CreateChallengeUseCase.ts
FN:7,CreateChallengeUseCase
FN:9,execute
FNF:2
FNH:2
FNDA:1,CreateChallengeUseCase
FNDA:1,execute
DA:1,1
DA:2,1
DA:3,1
DA:4,1
DA:5,1
DA:6,1
DA:7,1
DA:8,1
DA:9,1
DA:10,1
DA:11,1
DA:12,1
DA:13,1
DA:14,1
DA:15,1
DA:16,0
DA:17,0
DA:18,0
DA:19,1
DA:20,1
DA:21,1
DA:22,1
DA:23,1
DA:24,1
DA:25,1
DA:26,1
DA:27,1
LF:27
LH:24
BRDA:7,0,0,1
BRDA:9,1,0,1
BRDA:15,2,0,0
BRF:3
BRH:2
end_of_record
TN:
SF:src\modules\Services\useCases\Challenge\FindAllChallenges\FindAllChallengesUseCase.ts
FN:5,FindAllChallengesUseCase
FN:7,execute
FNF:2
FNH:2
FNDA:1,FindAllChallengesUseCase
FNDA:1,execute
DA:1,1
DA:2,1
DA:3,1
DA:4,1
DA:5,1
DA:6,1
DA:7,1
DA:8,1
DA:9,1
DA:10,1
DA:11,1
DA:12,1
DA:13,1
DA:14,1
DA:15,1
LF:15
LH:15
BRDA:5,0,0,1
BRDA:7,1,0,1
BRF:2
BRH:2
end_of_record
TN:
SF:src\modules\Services\useCases\Challenge\FindOneChallenge\FindOneChallengeUseCase.ts
FN:6,FindOneChallengeUseCase
FN:8,execute
FNF:2
FNH:2
FNDA:1,FindOneChallengeUseCase
FNDA:1,execute
DA:1,1
DA:2,1
DA:3,1
DA:4,1
DA:5,1
DA:6,1
DA:7,1
DA:8,1
DA:9,1
DA:10,1
DA:11,1
DA:12,1
DA:13,1
DA:14,1
DA:15,0
DA:16,0
DA:17,0
DA:18,1
DA:19,1
DA:20,1
DA:21,1
DA:22,1
LF:22
LH:19
BRDA:6,0,0,1
BRDA:8,1,0,1
BRDA:14,2,0,0
BRF:3
BRH:2
end_of_record
TN:
SF:src\modules\Services\useCases\Student\CreateStudent\CreateStudentUseCase.ts
FN:10,CreateStudentUseCase
FN:12,execute
FNF:2
FNH:2
FNDA:3,CreateStudentUseCase
FNDA:2,execute
DA:1,1
DA:2,1
DA:3,1
DA:4,1
DA:5,1
DA:6,1
DA:7,1
DA:8,1
DA:9,1
DA:10,1
DA:11,1
DA:12,1
DA:13,2
DA:14,2
DA:15,2
DA:16,2
DA:17,2
DA:18,2
DA:19,2
DA:20,2
DA:21,2
DA:22,1
LF:22
LH:22
BRDA:10,0,0,3
BRDA:12,1,0,2
BRF:2
BRH:2
end_of_record
TN:
SF:src\modules\Services\useCases\Student\FindAllStudents\FindAllStudentUseCase.ts
FN:5,FindAllStudentUseCase
FN:7,execute
FNF:2
FNH:2
FNDA:1,FindAllStudentUseCase
FNDA:1,execute
DA:1,1
DA:2,1
DA:3,1
DA:4,1
DA:5,1
DA:6,1
DA:7,1
DA:8,1
DA:9,1
DA:10,1
DA:11,1
DA:12,1
DA:13,1
DA:14,1
DA:15,1
LF:15
LH:15
BRDA:5,0,0,1
BRDA:7,1,0,1
BRF:2
BRH:2
end_of_record
TN:
SF:src\modules\Services\useCases\Student\FindOneStudent\FindOneStudentUseCase.ts
FN:5,FindOneStudentUseCase
FN:7,execute
FNF:2
FNH:2
FNDA:1,FindOneStudentUseCase
FNDA:1,execute
DA:1,1
DA:2,1
DA:3,1
DA:4,1
DA:5,1
DA:6,1
DA:7,1
DA:8,1
DA:9,1
DA:10,1
DA:11,1
DA:12,1
DA:13,1
DA:14,1
DA:15,1
LF:15
LH:15
BRDA:5,0,0,1
BRDA:7,1,0,1
BRF:2
BRH:2
end_of_record
TN:
SF:src\modules\Services\useCases\Student\RemoveStudent\RemoveStudentUseCase.ts
FN:5,RemoveStudentUseCase
FN:7,execute
FNF:2
FNH:2
FNDA:1,RemoveStudentUseCase
FNDA:1,execute
DA:1,1
DA:2,1
DA:3,1
DA:4,1
DA:5,1
DA:6,1
DA:7,1
DA:8,1
DA:9,1
DA:10,1
DA:11,1
DA:12,1
DA:13,1
DA:14,1
DA:15,1
LF:15
LH:15
BRDA:5,0,0,1
BRDA:7,1,0,1
BRF:2
BRH:2
end_of_record
TN:
SF:src\modules\Services\useCases\Student\Token\Auth\CreateStudentAuthTokenUseCase.ts
FN:23,CreateStudentAuthTokenUseCase
FN:25,execute
FNF:2
FNH:2
FNDA:1,CreateStudentAuthTokenUseCase
FNDA:1,execute
DA:1,1
DA:2,1
DA:3,1
DA:4,1
DA:5,1
DA:6,1
DA:7,1
DA:8,1
DA:9,1
DA:10,1
DA:11,1
DA:12,1
DA:13,1
DA:14,1
DA:15,1
DA:16,1
DA:17,1
DA:18,1
DA:19,1
DA:20,1
DA:21,1
DA:22,1
DA:23,1
DA:24,1
DA:25,1
DA:26,1
DA:27,1
DA:28,1
DA:29,1
DA:30,1
DA:31,1
DA:32,0
DA:33,0
DA:34,0
DA:35,1
DA:36,1
DA:37,1
DA:38,1
DA:39,1
DA:40,1
DA:41,1
DA:42,1
DA:43,0
DA:44,0
DA:45,0
DA:46,1
DA:47,1
DA:48,1
DA:49,1
DA:50,1
DA:51,1
DA:52,1
DA:53,1
DA:54,1
DA:55,1
DA:56,1
DA:57,1
DA:58,1
DA:59,1
DA:60,1
DA:61,1
DA:62,1
DA:63,1
DA:64,1
DA:65,1
DA:66,1
DA:67,1
DA:68,1
DA:69,1
LF:69
LH:63
BRDA:23,0,0,1
BRDA:25,1,0,1
BRDA:31,2,0,0
BRDA:42,3,0,0
BRF:4
BRH:2
end_of_record
TN:
SF:src\modules\Services\useCases\Submission\CreateSubmission\CreateSubmissionUseCase.ts
FN:8,CreateSubmissionUseCase
FN:13,execute
FNF:2
FNH:2
FNDA:1,CreateSubmissionUseCase
FNDA:1,execute
DA:1,1
DA:2,1
DA:3,1
DA:4,1
DA:5,1
DA:6,1
DA:7,1
DA:8,1
DA:9,1
DA:10,1
DA:11,1
DA:12,1
DA:13,1
DA:14,1
DA:15,1
DA:16,1
DA:17,1
DA:18,1
DA:19,1
DA:20,0
DA:21,0
DA:22,0
DA:23,1
DA:24,1
DA:25,1
DA:26,1
DA:27,1
DA:28,1
DA:29,0
DA:30,0
DA:31,0
DA:32,1
DA:33,1
DA:34,1
DA:35,1
DA:36,1
DA:37,1
LF:37
LH:31
BRDA:8,0,0,1
BRDA:13,1,0,1
BRDA:19,2,0,0
BRDA:28,3,0,0
BRF:4
BRH:2
end_of_record
TN:
SF:src\modules\model\Entity.ts
FN:8,Entity
FNF:1
FNH:1
FNDA:13,Entity
DA:1,1
DA:2,1
DA:3,1
DA:4,1
DA:5,1
DA:6,1
DA:7,1
DA:8,1
DA:9,13
DA:10,13
DA:11,13
DA:12,13
DA:13,1
LF:13
LH:13
BRDA:8,0,0,13
BRDA:10,1,0,0
BRF:2
BRH:1
end_of_record
TN:
SF:src\modules\model\class\challenge.ts
FN:11,Challenge
FN:16,create
FNF:2
FNH:2
FNDA:5,Challenge
FNDA:5,create
DA:1,1
DA:2,1
DA:3,1
DA:4,1
DA:5,1
DA:6,1
DA:7,1
DA:8,1
DA:9,1
DA:10,1
DA:11,1
DA:12,5
DA:13,5
DA:14,5
DA:15,1
DA:16,1
DA:17,5
DA:18,5
DA:19,5
DA:20,5
DA:21,5
DA:22,1
LF:22
LH:22
BRDA:11,0,0,5
BRDA:16,1,0,5
BRF:2
BRH:2
end_of_record
TN:
SF:src\modules\model\class\student.ts
FN:15,Student
FN:20,create
FNF:2
FNH:2
FNDA:7,Student
FNDA:7,create
DA:1,1
DA:2,1
DA:3,1
DA:4,1
DA:5,1
DA:6,1
DA:7,1
DA:8,1
DA:9,1
DA:10,1
DA:11,1
DA:12,1
DA:13,1
DA:14,1
DA:15,1
DA:16,7
DA:17,7
DA:18,7
DA:19,1
DA:20,1
DA:21,7
DA:22,7
DA:23,7
DA:24,7
DA:25,1
LF:25
LH:25
BRDA:15,0,0,7
BRDA:20,1,0,7
BRF:2
BRH:2
end_of_record
TN:
SF:src\modules\model\class\submission.ts
FN:13,Submission
FN:18,create
FNF:2
FNH:2
FNDA:1,Submission
FNDA:1,create
DA:1,1
DA:2,1
DA:3,1
DA:4,1
DA:5,1
DA:6,1
DA:7,1
DA:8,1
DA:9,1
DA:10,1
DA:11,1
DA:12,1
DA:13,1
DA:14,1
DA:15,1
DA:16,1
DA:17,1
DA:18,1
DA:19,1
DA:20,1
DA:21,1
DA:22,1
DA:23,1
DA:24,1
DA:25,1
DA:26,1
DA:27,1
LF:27
LH:27
BRDA:13,0,0,1
BRDA:18,1,0,1
BRDA:21,2,0,0
BRF:3
BRH:2
end_of_record
