TN:
SF:src\modules\Errors\AppError.ts
FN:7,AppError
FNF:1
FNH:0
FNDA:0,AppError
DA:1,1
DA:2,1
DA:3,1
DA:4,1
DA:5,1
DA:6,1
DA:7,1
DA:8,0
DA:9,0
DA:10,0
DA:11,0
DA:12,1
LF:12
LH:8
BRF:0
BRH:0
end_of_record
TN:
SF:src\modules\Repository\in-memory\StudentRepositoryInMemory\StudentRepositoryInMemory.ts
FN:9,StudentRepositoryInMemory
FN:14,create
FN:32,findOne
FN:54,findAll
FN:83,removeStudent
FN:94,findById
FNF:6
FNH:6
FNDA:4,StudentRepositoryInMemory
FNDA:6,create
FNDA:3,findOne
FNDA:1,findAll
FNDA:1,removeStudent
FNDA:1,findById
DA:1,1
DA:2,1
DA:3,1
DA:4,1
DA:5,1
DA:6,1
DA:7,1
DA:8,1
DA:9,1
DA:10,4
DA:11,4
DA:12,4
DA:13,1
DA:14,1
DA:15,6
DA:16,6
DA:17,6
DA:18,6
DA:19,6
DA:20,6
DA:21,6
DA:22,6
DA:23,6
DA:24,6
DA:25,6
DA:26,6
DA:27,6
DA:28,6
DA:29,6
DA:30,6
DA:31,1
DA:32,1
DA:33,3
DA:34,3
DA:35,3
DA:36,3
DA:37,3
DA:38,3
DA:39,1
DA:40,1
DA:41,1
DA:42,1
DA:43,2
DA:44,2
DA:45,2
DA:46,2
DA:47,2
DA:48,2
DA:49,2
DA:50,2
DA:51,2
DA:52,2
DA:53,1
DA:54,1
DA:55,1
DA:56,1
DA:57,1
DA:58,1
DA:59,1
DA:60,1
DA:61,3
DA:62,3
DA:63,3
DA:64,3
DA:65,3
DA:66,3
DA:67,3
DA:68,3
DA:69,3
DA:70,3
DA:71,3
DA:72,3
DA:73,3
DA:74,3
DA:75,3
DA:76,3
DA:77,1
DA:78,1
DA:79,1
DA:80,1
DA:81,1
DA:82,1
DA:83,1
DA:84,1
DA:85,1
DA:86,1
DA:87,1
DA:88,1
DA:89,1
DA:90,1
DA:91,1
DA:92,1
DA:93,1
DA:94,1
DA:95,1
DA:96,1
DA:97,1
DA:98,1
DA:99,1
DA:100,1
DA:101,1
DA:102,1
DA:103,1
DA:104,1
DA:105,1
DA:106,1
DA:107,1
DA:108,1
DA:109,1
DA:110,1
DA:111,1
DA:112,1
DA:113,1
LF:113
LH:113
BRDA:9,0,0,4
BRDA:14,1,0,6
BRDA:32,2,0,3
BRDA:38,3,0,1
BRDA:43,4,0,2
BRDA:36,5,0,2
BRDA:54,6,0,1
BRDA:60,7,0,3
BRDA:60,8,0,3
BRDA:83,9,0,1
BRDA:87,10,0,1
BRDA:94,11,0,1
BRDA:98,12,0,1
BRF:13
BRH:13
end_of_record
TN:
SF:src\modules\Services\useCases\Student\CreateStudent\CreateStudentUseCase.ts
FN:10,CreateStudentUseCase
FN:12,execute
FNF:2
FNH:2
FNDA:4,CreateStudentUseCase
FNDA:6,execute
DA:1,1
DA:2,1
DA:3,1
DA:4,1
DA:5,1
DA:6,1
DA:7,1
DA:8,1
DA:9,1
DA:10,1
DA:11,1
DA:12,1
DA:13,6
DA:14,6
DA:15,6
DA:16,6
DA:17,6
DA:18,6
DA:19,6
DA:20,6
DA:21,6
DA:22,1
LF:22
LH:22
BRDA:10,0,0,4
BRDA:12,1,0,6
BRF:2
BRH:2
end_of_record
TN:
SF:src\modules\Services\useCases\Student\FindAllStudents\FindAllStudentUseCase.ts
FN:5,FindAllStudentUseCase
FN:7,execute
FNF:2
FNH:2
FNDA:1,FindAllStudentUseCase
FNDA:1,execute
DA:1,1
DA:2,1
DA:3,1
DA:4,1
DA:5,1
DA:6,1
DA:7,1
DA:8,1
DA:9,1
DA:10,1
DA:11,1
DA:12,1
DA:13,1
DA:14,1
DA:15,1
LF:15
LH:15
BRDA:5,0,0,1
BRDA:7,1,0,1
BRF:2
BRH:2
end_of_record
TN:
SF:src\modules\Services\useCases\Student\RemoveStudent\RemoveStudentUseCase.ts
FN:5,RemoveStudentUseCase
FN:7,execute
FNF:2
FNH:2
FNDA:1,RemoveStudentUseCase
FNDA:1,execute
DA:1,1
DA:2,1
DA:3,1
DA:4,1
DA:5,1
DA:6,1
DA:7,1
DA:8,1
DA:9,1
DA:10,1
DA:11,1
DA:12,1
DA:13,1
DA:14,1
DA:15,1
LF:15
LH:15
BRDA:5,0,0,1
BRDA:7,1,0,1
BRF:2
BRH:2
end_of_record
TN:
SF:src\modules\Services\useCases\Student\Token\Auth\CreateStudentAuthTokenUseCase.ts
FN:23,CreateStudentAuthTokenUseCase
FN:25,execute
FNF:2
FNH:2
FNDA:1,CreateStudentAuthTokenUseCase
FNDA:1,execute
DA:1,1
DA:2,1
DA:3,1
DA:4,1
DA:5,1
DA:6,1
DA:7,1
DA:8,1
DA:9,1
DA:10,1
DA:11,1
DA:12,1
DA:13,1
DA:14,1
DA:15,1
DA:16,1
DA:17,1
DA:18,1
DA:19,1
DA:20,1
DA:21,1
DA:22,1
DA:23,1
DA:24,1
DA:25,1
DA:26,1
DA:27,1
DA:28,1
DA:29,1
DA:30,1
DA:31,1
DA:32,0
DA:33,0
DA:34,0
DA:35,1
DA:36,1
DA:37,1
DA:38,1
DA:39,1
DA:40,1
DA:41,1
DA:42,1
DA:43,0
DA:44,0
DA:45,0
DA:46,1
DA:47,1
DA:48,1
DA:49,1
DA:50,1
DA:51,1
DA:52,1
DA:53,1
DA:54,1
DA:55,1
DA:56,1
DA:57,1
DA:58,1
DA:59,1
DA:60,1
DA:61,1
DA:62,1
DA:63,1
DA:64,1
DA:65,1
DA:66,1
DA:67,1
DA:68,1
DA:69,1
LF:69
LH:63
BRDA:23,0,0,1
BRDA:25,1,0,1
BRDA:31,2,0,0
BRDA:42,3,0,0
BRF:4
BRH:2
end_of_record
TN:
SF:src\modules\model\Entity.ts
FN:8,Entity
FNF:1
FNH:1
FNDA:6,Entity
DA:1,1
DA:2,1
DA:3,1
DA:4,1
DA:5,1
DA:6,1
DA:7,1
DA:8,1
DA:9,6
DA:10,6
DA:11,6
DA:12,6
DA:13,1
LF:13
LH:13
BRDA:8,0,0,6
BRDA:10,1,0,0
BRF:2
BRH:1
end_of_record
TN:
SF:src\modules\model\class\student.ts
FN:15,Student
FN:20,create
FNF:2
FNH:2
FNDA:6,Student
FNDA:6,create
DA:1,1
DA:2,1
DA:3,1
DA:4,1
DA:5,1
DA:6,1
DA:7,1
DA:8,1
DA:9,1
DA:10,1
DA:11,1
DA:12,1
DA:13,1
DA:14,1
DA:15,1
DA:16,6
DA:17,6
DA:18,6
DA:19,1
DA:20,1
DA:21,6
DA:22,6
DA:23,6
DA:24,6
DA:25,1
LF:25
LH:25
BRDA:15,0,0,6
BRDA:20,1,0,6
BRF:2
BRH:2
end_of_record
